Using pre-set license
Built from '2021.1/staging' branch; Version is '2021.1.6f1 (c0fade0cc7e9) revision 12647134'; Using compiler version '192528614'; Build Type 'Release'
OS: 'Windows 10 Pro; OS build 19042.1052; Version 2009; 64bit' Language: 'fr' Physical Memory: 8077 MB
BatchMode: 1, IsHumanControllingUs: 0, StartBugReporterOnCrash: 0, Is64bit: 1, IsPro: 0

 COMMAND LINE ARGUMENTS:
C:\Program Files\Unity\Hub\Editor\2021.1.6f1\Editor\Unity.exe
-adb2
-batchMode
-noUpm
-name
AssetImportWorker0
-projectPath
C:/Users/Admin/RiderProjects/timer_jeu
-logFile
Logs/AssetImportWorker0.log
-srvPort
59141
Successfully changed project path to: C:/Users/Admin/RiderProjects/timer_jeu
C:/Users/Admin/RiderProjects/timer_jeu
Using Asset Import Pipeline V2.
Refreshing native plugins compatible for Editor in 254.19 ms, found 3 plugins.
Preloading 0 native plugins for Editor in 0.00 ms.
Initialize engine version: 2021.1.6f1 (c0fade0cc7e9)
[Subsystems] Discovering subsystems at path C:/Program Files/Unity/Hub/Editor/2021.1.6f1/Editor/Data/Resources/UnitySubsystems
[Subsystems] Discovering subsystems at path C:/Users/Admin/RiderProjects/timer_jeu/Assets
GfxDevice: creating device client; threaded=0; jobified=0
Direct3D:
    Version:  Direct3D 11.0 [level 11.1]
    Renderer: Intel(R) HD Graphics 6000 (ID=0x1626)
    Vendor:   Intel
    VRAM:     4038 MB
    Driver:   20.19.15.5058
Initialize mono
Mono path[0] = 'C:/Program Files/Unity/Hub/Editor/2021.1.6f1/Editor/Data/Managed'
Mono path[1] = 'C:/Program Files/Unity/Hub/Editor/2021.1.6f1/Editor/Data/MonoBleedingEdge/lib/mono/unityjit'
Mono config path = 'C:/Program Files/Unity/Hub/Editor/2021.1.6f1/Editor/Data/MonoBleedingEdge/etc'
Using monoOptions --debugger-agent=transport=dt_socket,embedding=1,server=y,suspend=n,address=127.0.0.1:56888
Begin MonoManager ReloadAssembly
Registering precompiled unity dll's ...
Register platform support module: C:/Program Files/Unity/Hub/Editor/2021.1.6f1/Editor/Data/PlaybackEngines/WindowsStandaloneSupport/UnityEditor.WindowsStandalone.Extensions.dll
Registered in 0.003088 seconds.
Native extension for WindowsStandalone target not found
Refreshing native plugins compatible for Editor in 121.00 ms, found 3 plugins.
Preloading 0 native plugins for Editor in 0.00 ms.
Mono: successfully reloaded assembly
- Completed reload, in  4.162 seconds
Platform modules already initialized, skipping
Registering precompiled user dll's ...
Registered in 0.019504 seconds.
Begin MonoManager ReloadAssembly
Symbol file LoadedFromMemory is not a mono symbol file
Symbol file LoadedFromMemory is not a mono symbol file
Symbol file LoadedFromMemory is not a mono symbol file
Symbol file LoadedFromMemory is not a mono symbol file
Native extension for WindowsStandalone target not found
Refreshing native plugins compatible for Editor in 0.87 ms, found 3 plugins.
Preloading 0 native plugins for Editor in 0.00 ms.
Mono: successfully reloaded assembly
- Completed reload, in  1.623 seconds
Platform modules already initialized, skipping
========================================================================
Worker process is ready to serve import requests
Launched and connected shader compiler UnityShaderCompiler.exe after 0.07 seconds
Refreshing native plugins compatible for Editor in 2.77 ms, found 3 plugins.
Preloading 0 native plugins for Editor in 0.00 ms.
Unloading 2692 Unused Serialized files (Serialized files now loaded: 0)
System memory in use before: 115.6 MB.
System memory in use after: 115.8 MB.

Unloading 32 unused Assets to reduce memory usage. Loaded Objects now: 3196.
Total: 3.896500 ms (FindLiveObjects: 0.318600 ms CreateObjectMapping: 1.018800 ms MarkObjects: 2.402300 ms  DeleteObjects: 0.155100 ms)

========================================================================
Received Import Request.
  path: Assets/Script/ChangeColor.cs
  artifactKey: Guid(3d56c2cfc18aca4479fa079c0ba4cc6e) Importer(815301076,1909f56bfc062723c751e8b465ee728b)
Start importing Assets/Script/ChangeColor.cs using Guid(3d56c2cfc18aca4479fa079c0ba4cc6e) Importer(815301076,1909f56bfc062723c751e8b465ee728b)  -> (artifact id: 'c5cb97ca1a81e89b25f7a54b0646d579') in 0.070260 seconds 
========================================================================
Received Import Request.
  Time since last request: 0.000333 seconds.
  path: Assets/Script/CountdownTimer.cs
  artifactKey: Guid(360b9cd459f23614bae07dc92593eef7) Importer(815301076,1909f56bfc062723c751e8b465ee728b)
Start importing Assets/Script/CountdownTimer.cs using Guid(360b9cd459f23614bae07dc92593eef7) Importer(815301076,1909f56bfc062723c751e8b465ee728b)  -> (artifact id: '189b73465ca6dcb1182f7e5884dabde0') in 0.032887 seconds 
